<?xml version="1.0" encoding="UTF-8"?>
<testng-results ignored="0" total="2" passed="2" failed="0" skipped="0">
  <reporter-output>
  </reporter-output>
  <suite started-at="2024-09-24T12:52:01 IST" name="Default suite" finished-at="2024-09-24T12:52:20 IST" duration-ms="18507">
    <groups>
    </groups>
    <test started-at="2024-09-24T12:52:01 IST" name="Default test" finished-at="2024-09-24T12:52:20 IST" duration-ms="18507">
      <class name="aug20.Advance_reports">
        <test-method is-config="true" signature="generatereports()[pri:0, instance:aug20.Advance_reports@bcec361]" started-at="2024-09-24T12:52:01 IST" name="generatereports" finished-at="2024-09-24T12:52:02 IST" duration-ms="510" status="PASS">
          <reporter-output>
          </reporter-output>
        </test-method> <!-- generatereports -->
        <test-method is-config="true" signature="setup()[pri:0, instance:aug20.Advance_reports@bcec361]" started-at="2024-09-24T12:52:02 IST" name="setup" finished-at="2024-09-24T12:52:14 IST" duration-ms="12437" status="PASS">
          <reporter-output>
          </reporter-output>
        </test-method> <!-- setup -->
        <test-method signature="firsttestcase()[pri:0, instance:aug20.Advance_reports@bcec361]" started-at="2024-09-24T12:52:14 IST" name="firsttestcase" finished-at="2024-09-24T12:52:14 IST" duration-ms="50" status="PASS">
          <reporter-output>
          </reporter-output>
        </test-method> <!-- firsttestcase -->
        <test-method is-config="true" signature="tearDown()[pri:0, instance:aug20.Advance_reports@bcec361]" started-at="2024-09-24T12:52:14 IST" name="tearDown" finished-at="2024-09-24T12:52:15 IST" duration-ms="1120" status="PASS">
          <reporter-output>
          </reporter-output>
        </test-method> <!-- tearDown -->
        <test-method is-config="true" signature="setup()[pri:0, instance:aug20.Advance_reports@bcec361]" started-at="2024-09-24T12:52:15 IST" name="setup" finished-at="2024-09-24T12:52:19 IST" duration-ms="4018" status="PASS">
          <reporter-output>
          </reporter-output>
        </test-method> <!-- setup -->
        <test-method signature="secondTestcase()[pri:0, instance:aug20.Advance_reports@bcec361]" started-at="2024-09-24T12:52:19 IST" name="secondTestcase" finished-at="2024-09-24T12:52:19 IST" duration-ms="35" status="PASS">
          <reporter-output>
          </reporter-output>
        </test-method> <!-- secondTestcase -->
        <test-method is-config="true" signature="tearDown()[pri:0, instance:aug20.Advance_reports@bcec361]" started-at="2024-09-24T12:52:19 IST" name="tearDown" finished-at="2024-09-24T12:52:20 IST" duration-ms="278" status="PASS">
          <reporter-output>
          </reporter-output>
        </test-method> <!-- tearDown -->
      </class> <!-- aug20.Advance_reports -->
    </test> <!-- Default test -->
  </suite> <!-- Default suite -->
</testng-results>
